<?xml version="1.0" encoding="UTF-8"?>
<testsuite name="com.oracle.notificationconsumer.NotificationconsumerApplicationTests" tests="1" skipped="0" failures="0" errors="0" timestamp="2020-08-14T21:18:11" hostname="DARSHAN" time="0.297">
  <properties/>
  <testcase name="contextLoads()" classname="com.oracle.notificationconsumer.NotificationconsumerApplicationTests" time="0.297"/>
  <system-out><![CDATA[02:48:05.796 [Test worker] DEBUG org.springframework.test.context.BootstrapUtils - Instantiating CacheAwareContextLoaderDelegate from class [org.springframework.test.context.cache.DefaultCacheAwareContextLoaderDelegate]
02:48:05.815 [Test worker] DEBUG org.springframework.test.context.BootstrapUtils - Instantiating BootstrapContext using constructor [public org.springframework.test.context.support.DefaultBootstrapContext(java.lang.Class,org.springframework.test.context.CacheAwareContextLoaderDelegate)]
02:48:05.852 [Test worker] DEBUG org.springframework.test.context.BootstrapUtils - Instantiating TestContextBootstrapper for test class [com.oracle.notificationconsumer.NotificationconsumerApplicationTests] from class [org.springframework.boot.test.context.SpringBootTestContextBootstrapper]
02:48:05.872 [Test worker] INFO org.springframework.boot.test.context.SpringBootTestContextBootstrapper - Neither @ContextConfiguration nor @ContextHierarchy found for test class [com.oracle.notificationconsumer.NotificationconsumerApplicationTests], using SpringBootContextLoader
02:48:05.877 [Test worker] DEBUG org.springframework.test.context.support.AbstractContextLoader - Did not detect default resource location for test class [com.oracle.notificationconsumer.NotificationconsumerApplicationTests]: class path resource [com/oracle/notificationconsumer/NotificationconsumerApplicationTests-context.xml] does not exist
02:48:05.877 [Test worker] DEBUG org.springframework.test.context.support.AbstractContextLoader - Did not detect default resource location for test class [com.oracle.notificationconsumer.NotificationconsumerApplicationTests]: class path resource [com/oracle/notificationconsumer/NotificationconsumerApplicationTestsContext.groovy] does not exist
02:48:05.878 [Test worker] INFO org.springframework.test.context.support.AbstractContextLoader - Could not detect default resource locations for test class [com.oracle.notificationconsumer.NotificationconsumerApplicationTests]: no resource found for suffixes {-context.xml, Context.groovy}.
02:48:05.879 [Test worker] INFO org.springframework.test.context.support.AnnotationConfigContextLoaderUtils - Could not detect default configuration classes for test class [com.oracle.notificationconsumer.NotificationconsumerApplicationTests]: NotificationconsumerApplicationTests does not declare any static, non-private, non-final, nested classes annotated with @Configuration.
02:48:05.934 [Test worker] DEBUG org.springframework.test.context.support.ActiveProfilesUtils - Could not find an 'annotation declaring class' for annotation type [org.springframework.test.context.ActiveProfiles] and class [com.oracle.notificationconsumer.NotificationconsumerApplicationTests]
02:48:06.034 [Test worker] DEBUG org.springframework.context.annotation.ClassPathScanningCandidateComponentProvider - Identified candidate component class: file [D:\software\eclipse\oracle_project_workspace\notificationconsumer\build\classes\java\main\com\oracle\notificationconsumer\NotificationconsumerApplication.class]
02:48:06.036 [Test worker] INFO org.springframework.boot.test.context.SpringBootTestContextBootstrapper - Found @SpringBootConfiguration com.oracle.notificationconsumer.NotificationconsumerApplication for test class com.oracle.notificationconsumer.NotificationconsumerApplicationTests
02:48:06.180 [Test worker] DEBUG org.springframework.boot.test.context.SpringBootTestContextBootstrapper - @TestExecutionListeners is not present for class [com.oracle.notificationconsumer.NotificationconsumerApplicationTests]: using defaults.
02:48:06.181 [Test worker] INFO org.springframework.boot.test.context.SpringBootTestContextBootstrapper - Loaded default TestExecutionListener class names from location [META-INF/spring.factories]: [org.springframework.boot.test.autoconfigure.restdocs.RestDocsTestExecutionListener, org.springframework.boot.test.autoconfigure.web.client.MockRestServiceServerResetTestExecutionListener, org.springframework.boot.test.autoconfigure.web.servlet.MockMvcPrintOnlyOnFailureTestExecutionListener, org.springframework.boot.test.autoconfigure.web.servlet.WebDriverTestExecutionListener, org.springframework.boot.test.autoconfigure.webservices.client.MockWebServiceServerTestExecutionListener, org.springframework.boot.test.mock.mockito.MockitoTestExecutionListener, org.springframework.boot.test.mock.mockito.ResetMocksTestExecutionListener, org.springframework.test.context.web.ServletTestExecutionListener, org.springframework.test.context.support.DirtiesContextBeforeModesTestExecutionListener, org.springframework.test.context.support.DependencyInjectionTestExecutionListener, org.springframework.test.context.support.DirtiesContextTestExecutionListener, org.springframework.test.context.transaction.TransactionalTestExecutionListener, org.springframework.test.context.jdbc.SqlScriptsTestExecutionListener, org.springframework.test.context.event.EventPublishingTestExecutionListener]
02:48:06.209 [Test worker] INFO org.springframework.boot.test.context.SpringBootTestContextBootstrapper - Using TestExecutionListeners: [org.springframework.test.context.web.ServletTestExecutionListener@3de330e, org.springframework.test.context.support.DirtiesContextBeforeModesTestExecutionListener@2b90410f, org.springframework.boot.test.mock.mockito.MockitoTestExecutionListener@2a20cb19, org.springframework.boot.test.autoconfigure.SpringBootDependencyInjectionTestExecutionListener@3bcd4b28, org.springframework.test.context.support.DirtiesContextTestExecutionListener@4979491c, org.springframework.test.context.transaction.TransactionalTestExecutionListener@6048f105, org.springframework.test.context.jdbc.SqlScriptsTestExecutionListener@4c1c8616, org.springframework.test.context.event.EventPublishingTestExecutionListener@1dd910b6, org.springframework.boot.test.autoconfigure.restdocs.RestDocsTestExecutionListener@1eeb8bb8, org.springframework.boot.test.autoconfigure.web.client.MockRestServiceServerResetTestExecutionListener@390c91b9, org.springframework.boot.test.autoconfigure.web.servlet.MockMvcPrintOnlyOnFailureTestExecutionListener@11888cb8, org.springframework.boot.test.autoconfigure.web.servlet.WebDriverTestExecutionListener@4401629f, org.springframework.boot.test.autoconfigure.webservices.client.MockWebServiceServerTestExecutionListener@6f597ec, org.springframework.boot.test.mock.mockito.ResetMocksTestExecutionListener@5b294fd2]
02:48:06.215 [Test worker] DEBUG org.springframework.test.context.support.AbstractDirtiesContextTestExecutionListener - Before test class: context [DefaultTestContext@253cbd0a testClass = NotificationconsumerApplicationTests, testInstance = [null], testMethod = [null], testException = [null], mergedContextConfiguration = [WebMergedContextConfiguration@7f74c520 testClass = NotificationconsumerApplicationTests, locations = '{}', classes = '{class com.oracle.notificationconsumer.NotificationconsumerApplication}', contextInitializerClasses = '[]', activeProfiles = '{}', propertySourceLocations = '{}', propertySourceProperties = '{org.springframework.boot.test.context.SpringBootTestContextBootstrapper=true}', contextCustomizers = set[org.springframework.boot.test.autoconfigure.properties.PropertyMappingContextCustomizer@0, org.springframework.boot.test.autoconfigure.web.servlet.WebDriverContextCustomizerFactory$Customizer@a92f81e, org.springframework.boot.test.context.filter.ExcludeFilterContextCustomizer@47a70f6a, org.springframework.boot.test.json.DuplicateJsonObjectContextCustomizerFactory$DuplicateJsonObjectContextCustomizer@1fce9622, org.springframework.boot.test.mock.mockito.MockitoContextCustomizer@0, org.springframework.boot.test.web.client.TestRestTemplateContextCustomizer@4fdd369a, org.springframework.boot.test.context.SpringBootTestArgs@1], resourceBasePath = 'src/main/webapp', contextLoader = 'org.springframework.boot.test.context.SpringBootContextLoader', parent = [null]], attributes = map['org.springframework.test.context.web.ServletTestExecutionListener.activateListener' -> true]], class annotated with @DirtiesContext [false] with mode [null].
02:48:06.254 [Test worker] DEBUG org.springframework.test.context.support.TestPropertySourceUtils - Adding inlined properties to environment: {spring.jmx.enabled=false, org.springframework.boot.test.context.SpringBootTestContextBootstrapper=true}

  .   ____          _            __ _ _
 /\\ / ___'_ __ _ _(_)_ __  __ _ \ \ \ \
( ( )\___ | '_ | '_| | '_ \/ _` | \ \ \ \
 \\/  ___)| |_)| | | | | || (_| |  ) ) ) )
  '  |____| .__|_| |_|_| |_\__, | / / / /
 =========|_|==============|___/=/_/_/_/
 :: Spring Boot ::        (v2.3.3.RELEASE)

2020-08-15 02:48:06.574  INFO 9800 --- [    Test worker] o.n.NotificationconsumerApplicationTests : Starting NotificationconsumerApplicationTests on Darshan with PID 9800 (started by Administrator in D:\software\eclipse\oracle_project_workspace\notificationconsumer)
2020-08-15 02:48:06.576  INFO 9800 --- [    Test worker] o.n.NotificationconsumerApplicationTests : No active profile set, falling back to default profiles: default
2020-08-15 02:48:08.486  INFO 9800 --- [    Test worker] o.s.s.concurrent.ThreadPoolTaskExecutor  : Initializing ExecutorService 'applicationTaskExecutor'
2020-08-15 02:48:10.823  INFO 9800 --- [    Test worker] o.s.a.r.c.CachingConnectionFactory       : Attempting to connect to: [localhost:5672]
2020-08-15 02:48:10.959  INFO 9800 --- [    Test worker] o.s.a.r.c.CachingConnectionFactory       : Created new connection: rabbitConnectionFactory#3413f0a4:0/SimpleConnection@2910b80d [delegate=amqp://guest@127.0.0.1:5672/, localPort= 53730]
2020-08-15 02:48:11.172  INFO 9800 --- [    Test worker] o.n.NotificationconsumerApplicationTests : Started NotificationconsumerApplicationTests in 4.905 seconds (JVM running for 7.331)
]]></system-out>
  <system-err><![CDATA[]]></system-err>
</testsuite>
