<?xml version="1.0" encoding="UTF-8"?>
<testsuite name="com.oracle.notificationgenerator.NotificationgeneratorApplicationTests" tests="1" skipped="0" failures="0" errors="0" timestamp="2020-08-15T09:13:07" hostname="DARSHAN" time="0.459">
  <properties/>
  <testcase name="contextLoads()" classname="com.oracle.notificationgenerator.NotificationgeneratorApplicationTests" time="0.459"/>
  <system-out><![CDATA[14:43:01.659 [Test worker] DEBUG org.springframework.test.context.BootstrapUtils - Instantiating CacheAwareContextLoaderDelegate from class [org.springframework.test.context.cache.DefaultCacheAwareContextLoaderDelegate]
14:43:01.676 [Test worker] DEBUG org.springframework.test.context.BootstrapUtils - Instantiating BootstrapContext using constructor [public org.springframework.test.context.support.DefaultBootstrapContext(java.lang.Class,org.springframework.test.context.CacheAwareContextLoaderDelegate)]
14:43:01.712 [Test worker] DEBUG org.springframework.test.context.BootstrapUtils - Instantiating TestContextBootstrapper for test class [com.oracle.notificationgenerator.NotificationgeneratorApplicationTests] from class [org.springframework.boot.test.context.SpringBootTestContextBootstrapper]
14:43:01.767 [Test worker] INFO org.springframework.boot.test.context.SpringBootTestContextBootstrapper - Neither @ContextConfiguration nor @ContextHierarchy found for test class [com.oracle.notificationgenerator.NotificationgeneratorApplicationTests], using SpringBootContextLoader
14:43:01.772 [Test worker] DEBUG org.springframework.test.context.support.AbstractContextLoader - Did not detect default resource location for test class [com.oracle.notificationgenerator.NotificationgeneratorApplicationTests]: class path resource [com/oracle/notificationgenerator/NotificationgeneratorApplicationTests-context.xml] does not exist
14:43:01.772 [Test worker] DEBUG org.springframework.test.context.support.AbstractContextLoader - Did not detect default resource location for test class [com.oracle.notificationgenerator.NotificationgeneratorApplicationTests]: class path resource [com/oracle/notificationgenerator/NotificationgeneratorApplicationTestsContext.groovy] does not exist
14:43:01.773 [Test worker] INFO org.springframework.test.context.support.AbstractContextLoader - Could not detect default resource locations for test class [com.oracle.notificationgenerator.NotificationgeneratorApplicationTests]: no resource found for suffixes {-context.xml, Context.groovy}.
14:43:01.774 [Test worker] INFO org.springframework.test.context.support.AnnotationConfigContextLoaderUtils - Could not detect default configuration classes for test class [com.oracle.notificationgenerator.NotificationgeneratorApplicationTests]: NotificationgeneratorApplicationTests does not declare any static, non-private, non-final, nested classes annotated with @Configuration.
14:43:01.849 [Test worker] DEBUG org.springframework.test.context.support.ActiveProfilesUtils - Could not find an 'annotation declaring class' for annotation type [org.springframework.test.context.ActiveProfiles] and class [com.oracle.notificationgenerator.NotificationgeneratorApplicationTests]
14:43:01.974 [Test worker] DEBUG org.springframework.context.annotation.ClassPathScanningCandidateComponentProvider - Identified candidate component class: file [D:\software\eclipse\oracle_project_workspace\notificationgenerator\build\classes\java\main\com\oracle\notificationgenerator\NotificationgeneratorApplication.class]
14:43:01.976 [Test worker] INFO org.springframework.boot.test.context.SpringBootTestContextBootstrapper - Found @SpringBootConfiguration com.oracle.notificationgenerator.NotificationgeneratorApplication for test class com.oracle.notificationgenerator.NotificationgeneratorApplicationTests
14:43:02.151 [Test worker] DEBUG org.springframework.boot.test.context.SpringBootTestContextBootstrapper - @TestExecutionListeners is not present for class [com.oracle.notificationgenerator.NotificationgeneratorApplicationTests]: using defaults.
14:43:02.152 [Test worker] INFO org.springframework.boot.test.context.SpringBootTestContextBootstrapper - Loaded default TestExecutionListener class names from location [META-INF/spring.factories]: [org.springframework.boot.test.autoconfigure.restdocs.RestDocsTestExecutionListener, org.springframework.boot.test.autoconfigure.web.client.MockRestServiceServerResetTestExecutionListener, org.springframework.boot.test.autoconfigure.web.servlet.MockMvcPrintOnlyOnFailureTestExecutionListener, org.springframework.boot.test.autoconfigure.web.servlet.WebDriverTestExecutionListener, org.springframework.boot.test.autoconfigure.webservices.client.MockWebServiceServerTestExecutionListener, org.springframework.boot.test.mock.mockito.MockitoTestExecutionListener, org.springframework.boot.test.mock.mockito.ResetMocksTestExecutionListener, org.springframework.test.context.web.ServletTestExecutionListener, org.springframework.test.context.support.DirtiesContextBeforeModesTestExecutionListener, org.springframework.test.context.support.DependencyInjectionTestExecutionListener, org.springframework.test.context.support.DirtiesContextTestExecutionListener, org.springframework.test.context.transaction.TransactionalTestExecutionListener, org.springframework.test.context.jdbc.SqlScriptsTestExecutionListener, org.springframework.test.context.event.EventPublishingTestExecutionListener]
14:43:02.188 [Test worker] INFO org.springframework.boot.test.context.SpringBootTestContextBootstrapper - Using TestExecutionListeners: [org.springframework.test.context.web.ServletTestExecutionListener@4c1c8616, org.springframework.test.context.support.DirtiesContextBeforeModesTestExecutionListener@1dd910b6, org.springframework.boot.test.mock.mockito.MockitoTestExecutionListener@1eeb8bb8, org.springframework.boot.test.autoconfigure.SpringBootDependencyInjectionTestExecutionListener@390c91b9, org.springframework.test.context.support.DirtiesContextTestExecutionListener@11888cb8, org.springframework.test.context.transaction.TransactionalTestExecutionListener@4401629f, org.springframework.test.context.jdbc.SqlScriptsTestExecutionListener@6f597ec, org.springframework.test.context.event.EventPublishingTestExecutionListener@5b294fd2, org.springframework.boot.test.autoconfigure.restdocs.RestDocsTestExecutionListener@e11e543, org.springframework.boot.test.autoconfigure.web.client.MockRestServiceServerResetTestExecutionListener@414b7b84, org.springframework.boot.test.autoconfigure.web.servlet.MockMvcPrintOnlyOnFailureTestExecutionListener@6babdeb6, org.springframework.boot.test.autoconfigure.web.servlet.WebDriverTestExecutionListener@7aed5bce, org.springframework.boot.test.autoconfigure.webservices.client.MockWebServiceServerTestExecutionListener@7bd7922d, org.springframework.boot.test.mock.mockito.ResetMocksTestExecutionListener@61da5188]
14:43:02.194 [Test worker] DEBUG org.springframework.test.context.support.AbstractDirtiesContextTestExecutionListener - Before test class: context [DefaultTestContext@27aacfed testClass = NotificationgeneratorApplicationTests, testInstance = [null], testMethod = [null], testException = [null], mergedContextConfiguration = [WebMergedContextConfiguration@25bdf952 testClass = NotificationgeneratorApplicationTests, locations = '{}', classes = '{class com.oracle.notificationgenerator.NotificationgeneratorApplication}', contextInitializerClasses = '[]', activeProfiles = '{}', propertySourceLocations = '{}', propertySourceProperties = '{org.springframework.boot.test.context.SpringBootTestContextBootstrapper=true}', contextCustomizers = set[org.springframework.boot.test.autoconfigure.properties.PropertyMappingContextCustomizer@0, org.springframework.boot.test.autoconfigure.web.servlet.WebDriverContextCustomizerFactory$Customizer@744be661, org.springframework.boot.test.context.filter.ExcludeFilterContextCustomizer@15cce826, org.springframework.boot.test.json.DuplicateJsonObjectContextCustomizerFactory$DuplicateJsonObjectContextCustomizer@5ec4ab83, org.springframework.boot.test.mock.mockito.MockitoContextCustomizer@0, org.springframework.boot.test.web.client.TestRestTemplateContextCustomizer@c49e736, org.springframework.boot.test.context.SpringBootTestArgs@1], resourceBasePath = 'src/main/webapp', contextLoader = 'org.springframework.boot.test.context.SpringBootContextLoader', parent = [null]], attributes = map['org.springframework.test.context.web.ServletTestExecutionListener.activateListener' -> true]], class annotated with @DirtiesContext [false] with mode [null].
14:43:02.250 [Test worker] DEBUG org.springframework.test.context.support.TestPropertySourceUtils - Adding inlined properties to environment: {spring.jmx.enabled=false, org.springframework.boot.test.context.SpringBootTestContextBootstrapper=true}

  .   ____          _            __ _ _
 /\\ / ___'_ __ _ _(_)_ __  __ _ \ \ \ \
( ( )\___ | '_ | '_| | '_ \/ _` | \ \ \ \
 \\/  ___)| |_)| | | | | || (_| |  ) ) ) )
  '  |____| .__|_| |_|_| |_\__, | / / / /
 =========|_|==============|___/=/_/_/_/
 :: Spring Boot ::        (v2.3.2.RELEASE)

2020-08-15 14:43:02.676  INFO 18516 --- [    Test worker] .n.NotificationgeneratorApplicationTests : Starting NotificationgeneratorApplicationTests on Darshan with PID 18516 (started by Administrator in D:\software\eclipse\oracle_project_workspace\notificationgenerator)
2020-08-15 14:43:02.680  INFO 18516 --- [    Test worker] .n.NotificationgeneratorApplicationTests : No active profile set, falling back to default profiles: default
2020-08-15 14:43:03.608  INFO 18516 --- [    Test worker] .s.d.r.c.RepositoryConfigurationDelegate : Bootstrapping Spring Data MongoDB repositories in DEFAULT mode.
2020-08-15 14:43:03.649  INFO 18516 --- [    Test worker] .s.d.r.c.RepositoryConfigurationDelegate : Finished Spring Data repository scanning in 33ms. Found 0 MongoDB repository interfaces.
2020-08-15 14:43:04.176  INFO 18516 --- [    Test worker] org.mongodb.driver.cluster               : Cluster created with settings {hosts=[localhost:27017], mode=SINGLE, requiredClusterType=UNKNOWN, serverSelectionTimeout='30000 ms'}
2020-08-15 14:43:04.321  INFO 18516 --- [localhost:27017] org.mongodb.driver.connection            : Opened connection [connectionId{localValue:1, serverValue:69}] to localhost:27017
2020-08-15 14:43:04.327  INFO 18516 --- [localhost:27017] org.mongodb.driver.cluster               : Monitor thread successfully connected to server with description ServerDescription{address=localhost:27017, type=STANDALONE, state=CONNECTED, ok=true, minWireVersion=0, maxWireVersion=7, maxDocumentSize=16777216, logicalSessionTimeoutMinutes=30, roundTripTimeNanos=4132200}
2020-08-15 14:43:06.540  INFO 18516 --- [    Test worker] o.s.s.concurrent.ThreadPoolTaskExecutor  : Initializing ExecutorService 'applicationTaskExecutor'
2020-08-15 14:43:07.143  INFO 18516 --- [    Test worker] .n.NotificationgeneratorApplicationTests : Started NotificationgeneratorApplicationTests in 4.862 seconds (JVM running for 7.736)
]]></system-out>
  <system-err><![CDATA[]]></system-err>
</testsuite>
